<?xml version="1.0" encoding="UTF-8"?>
<testng-results ignored="0" total="5" passed="4" failed="1" skipped="0">
  <reporter-output>
  </reporter-output>
  <suite started-at="2025-08-11T21:01:26 IST" name="Default suite" finished-at="2025-08-11T21:01:29 IST" duration-ms="3024">
    <groups>
      <group name="cucumber">
        <method signature="AbstractTestNGCucumberTests.runScenario(io.cucumber.testng.PickleWrapper,io.cucumber.testng.FeatureWrapper)[pri:0, instance:com.tests.CucumberRunnerTests@6f03482]" name="runScenario" class="io.cucumber.testng.AbstractTestNGCucumberTests"/>
      </group> <!-- cucumber -->
    </groups>
    <test started-at="2025-08-11T21:01:26 IST" name="Default test" finished-at="2025-08-11T21:01:29 IST" duration-ms="3024">
      <class name="com.tests.CucumberRunnerTests">
        <test-method is-config="true" signature="setUpClass(org.testng.ITestContext)[pri:0, instance:com.tests.CucumberRunnerTests@6f03482]" started-at="2025-08-11T21:01:26 IST" name="setUpClass" finished-at="2025-08-11T21:01:26 IST" duration-ms="156" status="PASS">
          <params>
            <param index="0">
              <value>
                <![CDATA[org.testng.TestRunner@138f0661]]>
              </value>
            </param>
          </params>
          <reporter-output>
          </reporter-output>
        </test-method> <!-- setUpClass -->
        <test-method signature="runScenario(io.cucumber.testng.PickleWrapper,io.cucumber.testng.FeatureWrapper)[pri:0, instance:com.tests.CucumberRunnerTests@6f03482]" started-at="2025-08-11T21:01:26 IST" name="runScenario" description="Runs Cucumber Scenarios" data-provider="scenarios" finished-at="2025-08-11T21:01:28 IST" duration-ms="1910" status="PASS">
          <params>
            <param index="0">
              <value>
                <![CDATA["Get Authentication Code is working"]]>
              </value>
            </param>
            <param index="1">
              <value>
                <![CDATA["Testing the Authentication URL endpoints"]]>
              </value>
            </param>
          </params>
          <reporter-output>
          </reporter-output>
        </test-method> <!-- runScenario -->
        <test-method signature="runScenario(io.cucumber.testng.PickleWrapper,io.cucumber.testng.FeatureWrapper)[pri:0, instance:com.tests.CucumberRunnerTests@6f03482]" started-at="2025-08-11T21:01:28 IST" name="runScenario" description="Runs Cucumber Scenarios" data-provider="scenarios" finished-at="2025-08-11T21:01:28 IST" duration-ms="203" status="PASS">
          <params>
            <param index="0">
              <value>
                <![CDATA["Get Authentication Token is working"]]>
              </value>
            </param>
            <param index="1">
              <value>
                <![CDATA["Testing the Authentication URL endpoints"]]>
              </value>
            </param>
          </params>
          <reporter-output>
          </reporter-output>
        </test-method> <!-- runScenario -->
        <test-method signature="runScenario(io.cucumber.testng.PickleWrapper,io.cucumber.testng.FeatureWrapper)[pri:0, instance:com.tests.CucumberRunnerTests@6f03482]" started-at="2025-08-11T21:01:28 IST" name="runScenario" description="Runs Cucumber Scenarios" data-provider="scenarios" finished-at="2025-08-11T21:01:28 IST" duration-ms="265" status="PASS">
          <params>
            <param index="0">
              <value>
                <![CDATA["Get Authentication Code for invalid password"]]>
              </value>
            </param>
            <param index="1">
              <value>
                <![CDATA["Testing the Authentication URL endpoints"]]>
              </value>
            </param>
          </params>
          <reporter-output>
          </reporter-output>
        </test-method> <!-- runScenario -->
        <test-method signature="runScenario(io.cucumber.testng.PickleWrapper,io.cucumber.testng.FeatureWrapper)[pri:0, instance:com.tests.CucumberRunnerTests@6f03482]" started-at="2025-08-11T21:01:28 IST" name="runScenario" description="Runs Cucumber Scenarios" data-provider="scenarios" finished-at="2025-08-11T21:01:29 IST" duration-ms="207" status="PASS">
          <params>
            <param index="0">
              <value>
                <![CDATA["Get Authentication Token for invalid auth code"]]>
              </value>
            </param>
            <param index="1">
              <value>
                <![CDATA["Testing the Authentication URL endpoints"]]>
              </value>
            </param>
          </params>
          <reporter-output>
          </reporter-output>
        </test-method> <!-- runScenario -->
        <test-method signature="runScenario(io.cucumber.testng.PickleWrapper,io.cucumber.testng.FeatureWrapper)[pri:0, instance:com.tests.CucumberRunnerTests@6f03482]" started-at="2025-08-11T21:01:29 IST" name="runScenario" description="Runs Cucumber Scenarios" data-provider="scenarios" finished-at="2025-08-11T21:01:29 IST" duration-ms="229" status="FAIL">
          <params>
            <param index="0">
              <value>
                <![CDATA["Verify room list API response and data"]]>
              </value>
            </param>
            <param index="1">
              <value>
                <![CDATA["Verify Room List API Response"]]>
              </value>
            </param>
          </params>
          <exception class="java.lang.AssertionError">
            <message>
              <![CDATA[expected [application/xml] but found [application/json]]]>
            </message>
            <full-stacktrace>
              <![CDATA[java.lang.AssertionError: expected [application/xml] but found [application/json]
at org.testng.Assert.fail(Assert.java:111)
at org.testng.Assert.failNotEquals(Assert.java:1590)
at org.testng.Assert.assertEqualsImpl(Assert.java:150)
at org.testng.Assert.assertEquals(Assert.java:132)
at org.testng.Assert.assertEquals(Assert.java:656)
at org.testng.Assert.assertEquals(Assert.java:666)
at com.definitions.StepDef.the_response_header_should_be(StepDef.java:91)
at âœ½.the response header "Content-Type" should be "application/json"(file:///C:/Users/manna/eclipse-workspace/Sprint_4/src/test/java/com/features/HotelRoomBooking.feature:7)
]]>
            </full-stacktrace>
          </exception> <!-- java.lang.AssertionError -->
          <reporter-output>
          </reporter-output>
        </test-method> <!-- runScenario -->
        <test-method is-config="true" signature="tearDownClass()[pri:0, instance:com.tests.CucumberRunnerTests@6f03482]" started-at="2025-08-11T21:01:29 IST" name="tearDownClass" finished-at="2025-08-11T21:01:29 IST" duration-ms="14" status="PASS">
          <reporter-output>
          </reporter-output>
        </test-method> <!-- tearDownClass -->
      </class> <!-- com.tests.CucumberRunnerTests -->
    </test> <!-- Default test -->
  </suite> <!-- Default suite -->
</testng-results>
